#
# There is insufficient memory for the Java Runtime Environment to continue.
# Native memory allocation (malloc) failed to allocate 1048576 bytes for AllocateHeap
# Possible reasons:
#   The system is out of physical RAM or swap space
#   The process is running with CompressedOops enabled, and the Java Heap may be blocking the growth of the native heap
# Possible solutions:
#   Reduce memory load on the system
#   Increase physical memory or swap space
#   Check if swap backing store is full
#   Decrease Java heap size (-Xmx/-Xms)
#   Decrease number of Java threads
#   Decrease Java thread stack sizes (-Xss)
#   Set larger code cache with -XX:ReservedCodeCacheSize=
# This output file may be truncated or incomplete.
#
#  Out of Memory Error (./src/hotspot/share/memory/allocation.cpp:46), pid=59428, tid=25148
#
# JRE version:  (11.0.14.1+1) (build )
# Java VM: OpenJDK 64-Bit Server VM (11.0.14.1+1, mixed mode, sharing, tiered, compressed oops, g1 gc, windows-amd64)
# No core dump will be written. Minidumps are not enabled by default on client versions of Windows
#

---------------  S U M M A R Y ------------

Command Line: 

Host: 12th Gen Intel(R) Core(TM) i9-12900K, 24 cores, 31G,  Windows 10 , 64 bit Build 19041 (10.0.19041.4717)
Time: Fri Aug 23 17:12:44 2024 Hora de verano romance elapsed time: 0.059578 seconds (0d 0h 0m 0s)

---------------  T H R E A D  ---------------

Current thread (0x00000207440a6800):  JavaThread "Unknown thread" [_thread_in_vm, id=25148, stack(0x0000003f3d000000,0x0000003f3d100000)]

Stack: [0x0000003f3d000000,0x0000003f3d100000]
Native frames: (J=compiled Java code, j=interpreted, Vv=VM code, C=native code)
V  [jvm.dll+0x61e59a]
V  [jvm.dll+0x7aaca9]
V  [jvm.dll+0x7ac398]
V  [jvm.dll+0x7aca73]
V  [jvm.dll+0x24f9b8]
V  [jvm.dll+0xb95d4]
V  [jvm.dll+0x2eba44]
V  [jvm.dll+0x2e5849]
V  [jvm.dll+0x784b07]
V  [jvm.dll+0x78628f]
V  [jvm.dll+0x35f479]
V  [jvm.dll+0x767aa0]
V  [jvm.dll+0x3ccf1f]
V  [jvm.dll+0x3cf2b1]
C  [jli.dll+0x5207]
C  [ucrtbase.dll+0x21bb2]
C  [KERNEL32.DLL+0x17374]
C  [ntdll.dll+0x4cc91]


---------------  P R O C E S S  ---------------

Threads class SMR info:
_java_thread_list=0x0000020741e65bf0, length=0, elements={
}

Java Threads: ( => current thread )

Other Threads:
  0x00000207440bf800 GCTaskThread "GC Thread#0" [stack: 0x0000003f3d100000,0x0000003f3d200000] [id=32896]

[error occurred during error reporting (printing all threads), id 0xc0000005, EXCEPTION_ACCESS_VIOLATION (0xc0000005) at pc=0x00007ffbb7a81030]

VM state:not at safepoint (not fully initialized)

VM Mutex/Monitor currently owned by a thread:  ([mutex/lock_event])
[0x00000207440a2820] Heap_lock - owner thread: 0x00000207440a6800

Heap address: 0x0000000603c00000, size: 8132 MB, Compressed Oops mode: Non-zero based: 0x0000000603c00000
Narrow klass base: 0x0000000000000000, Narrow klass shift: 0

GC Heap History (0 events):
No events

Deoptimization events (0 events):
No events

Classes redefined (0 events):
No events

Internal exceptions (0 events):
No events

Events (1 events):
Event: 0.006 Loaded shared library F:\Unity vers\2021.3.43f1\Editor\Data\PlaybackEngines\AndroidPlayer\OpenJDK\bin\zip.dll


Dynamic libraries:
0x00007ff79af70000 - 0x00007ff79af7d000 	F:\Unity vers\2021.3.43f1\Editor\Data\PlaybackEngines\AndroidPlayer\OpenJDK\bin\java.exe
0x00007ffd14d50000 - 0x00007ffd14f48000 	C:\WINDOWS\SYSTEM32\ntdll.dll
0x00007ffd13ab0000 - 0x00007ffd13b71000 	C:\WINDOWS\System32\KERNEL32.DLL
0x00007ffd12780000 - 0x00007ffd12a7d000 	C:\WINDOWS\System32\KERNELBASE.dll
0x00007ffd12ba0000 - 0x00007ffd12ca0000 	C:\WINDOWS\System32\ucrtbase.dll
0x00007ffcc8ca0000 - 0x00007ffcc8cb5000 	F:\Unity vers\2021.3.43f1\Editor\Data\PlaybackEngines\AndroidPlayer\OpenJDK\bin\VCRUNTIME140.dll
0x00007ffcc3190000 - 0x00007ffcc31a7000 	F:\Unity vers\2021.3.43f1\Editor\Data\PlaybackEngines\AndroidPlayer\OpenJDK\bin\jli.dll
0x00007ffd14600000 - 0x00007ffd1479d000 	C:\WINDOWS\System32\USER32.dll
0x00007ffd124e0000 - 0x00007ffd12502000 	C:\WINDOWS\System32\win32u.dll
0x00007ffd05c90000 - 0x00007ffd05f2a000 	C:\WINDOWS\WinSxS\amd64_microsoft.windows.common-controls_6595b64144ccf1df_6.0.19041.4355_none_60b8b9eb71f62e16\COMCTL32.dll
0x00007ffd12e30000 - 0x00007ffd12e5b000 	C:\WINDOWS\System32\GDI32.dll
0x00007ffd12a80000 - 0x00007ffd12b97000 	C:\WINDOWS\System32\gdi32full.dll
0x00007ffd13680000 - 0x00007ffd1371e000 	C:\WINDOWS\System32\msvcrt.dll
0x00007ffd126e0000 - 0x00007ffd1277d000 	C:\WINDOWS\System32\msvcp_win.dll
0x00007ffd14ce0000 - 0x00007ffd14d0f000 	C:\WINDOWS\System32\IMM32.DLL
0x00007ffc9b0c0000 - 0x00007ffc9b15b000 	F:\Unity vers\2021.3.43f1\Editor\Data\PlaybackEngines\AndroidPlayer\OpenJDK\bin\msvcp140.dll
0x00007ffbb7790000 - 0x00007ffbb8311000 	F:\Unity vers\2021.3.43f1\Editor\Data\PlaybackEngines\AndroidPlayer\OpenJDK\bin\server\jvm.dll
0x00007ffd12d80000 - 0x00007ffd12e30000 	C:\WINDOWS\System32\ADVAPI32.dll
0x00007ffd135e0000 - 0x00007ffd13680000 	C:\WINDOWS\System32\sechost.dll
0x00007ffd12ec0000 - 0x00007ffd12fe3000 	C:\WINDOWS\System32\RPCRT4.dll
0x00007ffd12d50000 - 0x00007ffd12d77000 	C:\WINDOWS\System32\bcrypt.dll
0x00007ffd147a0000 - 0x00007ffd147a8000 	C:\WINDOWS\System32\PSAPI.DLL
0x00007ffc9bfc0000 - 0x00007ffc9bfc9000 	C:\WINDOWS\SYSTEM32\WSOCK32.dll
0x00007ffd13080000 - 0x00007ffd130eb000 	C:\WINDOWS\System32\WS2_32.dll
0x00007ffcffc20000 - 0x00007ffcffc47000 	C:\WINDOWS\SYSTEM32\WINMM.dll
0x00007ffd084b0000 - 0x00007ffd084ba000 	C:\WINDOWS\SYSTEM32\VERSION.dll
0x00007ffd10c10000 - 0x00007ffd10c22000 	C:\WINDOWS\SYSTEM32\kernel.appcore.dll
0x00007ffcdb570000 - 0x00007ffcdb580000 	F:\Unity vers\2021.3.43f1\Editor\Data\PlaybackEngines\AndroidPlayer\OpenJDK\bin\verify.dll
0x00007ffd10930000 - 0x00007ffd10b14000 	C:\WINDOWS\SYSTEM32\DBGHELP.DLL
0x00007ffcff480000 - 0x00007ffcff4b4000 	C:\WINDOWS\SYSTEM32\dbgcore.DLL
0x00007ffd12400000 - 0x00007ffd12482000 	C:\WINDOWS\System32\bcryptPrimitives.dll
0x00007ffcc22e0000 - 0x00007ffcc2308000 	F:\Unity vers\2021.3.43f1\Editor\Data\PlaybackEngines\AndroidPlayer\OpenJDK\bin\java.dll
0x00007ffcdb210000 - 0x00007ffcdb21a000 	F:\Unity vers\2021.3.43f1\Editor\Data\PlaybackEngines\AndroidPlayer\OpenJDK\bin\jimage.dll
0x00007ffcc06a0000 - 0x00007ffcc06b8000 	F:\Unity vers\2021.3.43f1\Editor\Data\PlaybackEngines\AndroidPlayer\OpenJDK\bin\zip.dll

dbghelp: loaded successfully - version: 4.0.5 - missing functions: none
symbol engine: initialized successfully - sym options: 0x614 - pdb path: .;F:\Unity vers\2021.3.43f1\Editor\Data\PlaybackEngines\AndroidPlayer\OpenJDK\bin;C:\WINDOWS\SYSTEM32;C:\WINDOWS\WinSxS\amd64_microsoft.windows.common-controls_6595b64144ccf1df_6.0.19041.4355_none_60b8b9eb71f62e16;F:\Unity vers\2021.3.43f1\Editor\Data\PlaybackEngines\AndroidPlayer\OpenJDK\bin\server

VM Arguments:
java_command: <unknown>
java_class_path (initial): <not set>
Launcher Type: SUN_STANDARD

[Global flags]
     intx CICompilerCount                          = 12                                        {product} {ergonomic}
     uint ConcGCThreads                            = 5                                         {product} {ergonomic}
     uint G1ConcRefinementThreads                  = 18                                        {product} {ergonomic}
   size_t G1HeapRegionSize                         = 2097152                                   {product} {ergonomic}
    uintx GCDrainStackTargetSize                   = 64                                        {product} {ergonomic}
   size_t InitialHeapSize                          = 534773760                                 {product} {ergonomic}
   size_t MarkStackSize                            = 4194304                                   {product} {ergonomic}
   size_t MaxHeapSize                              = 8527020032                                {product} {ergonomic}
   size_t MinHeapDeltaBytes                        = 2097152                                   {product} {ergonomic}
    uintx NonNMethodCodeHeapSize                   = 7594288                                {pd product} {ergonomic}
    uintx NonProfiledCodeHeapSize                  = 122031976                              {pd product} {ergonomic}
    uintx ProfiledCodeHeapSize                     = 122031976                              {pd product} {ergonomic}
    uintx ReservedCodeCacheSize                    = 251658240                              {pd product} {ergonomic}
     bool SegmentedCodeCache                       = true                                      {product} {ergonomic}
     bool UseCompressedClassPointers               = true                                 {lp64_product} {ergonomic}
     bool UseCompressedOops                        = true                                 {lp64_product} {ergonomic}
     bool UseG1GC                                  = true                                      {product} {ergonomic}
     bool UseLargePagesIndividualAllocation        = false                                  {pd product} {ergonomic}

Logging:
Log output configuration:
 #0: stdout all=warning uptime,level,tags
 #1: stderr all=off uptime,level,tags

Environment Variables:
JAVA_HOME=F:\Unity vers\2021.3.43f1\Editor\Data\PlaybackEngines\AndroidPlayer\OpenJDK
PATH=c:\Users\evilh\AppData\Local\Programs\cursor\resources\app\bin;C:\Program Files (x86)\Common Files\Oracle\Java\java8path;C:\Program Files (x86)\Common Files\Oracle\Java\javapath;C:\Program Files\NVIDIA GPU Computing Toolkit\CUDA\v11.8\bin;C:\Program Files\NVIDIA GPU Computing Toolkit\CUDA\v11.8\libnvvp;C:\Program Files\Amazon Corretto\jdk17.0.3_6\bin;C:\WINDOWS\system32;C:\WINDOWS;C:\WINDOWS\System32\Wbem;C:\WINDOWS\System32\WindowsPowerShell\v1.0\;C:\WINDOWS\System32\OpenSSH\;C:\Program Files\TortoiseSVN\bin;C:\Program Files (x86)\NVIDIA Corporation\PhysX\Common;C:\Program Files\NVIDIA Corporation\NVIDIA NvDLISR;C:\Program Files\Git\cmd;C:\Program Files\NVIDIA Corporation\Nsight Compute 2022.3.0\;C:\Program Files\dotnet\;F:\Program Files (x86)\nodejs\;C:\ProgramData\chocolatey\bin;;C:\Program Files\Docker\Docker\resources\bin;C:\Program Files\Microsoft SQL Server\150\Tools\Binn\;C:\Program Files\Microsoft SQL Server\Client SDK\ODBC\170\Tools;C:\Program Files (x86)\Windows Kits\10\Windows Performance Toolkit\;C:\Users\evilh\AppData\Local\Programs\Python\Python312\Scripts\;C:\Users\evilh\AppData\Local\Programs\Python\Python312\;C:\Ruby31-x64\bin;C:\Users\evilh\AppData\Local\Microsoft\WindowsApps;C:\Users\evilh\AppData\Local\GitHubDesktop\bin;C:\Users\evilh\AppData\Local\gitkraken\bin;C:\Users\evilh\.dotnet\tools;C:\Users\evilh\AppData\Roaming\npm;C:\Users\evilh\AppData\Local\Programs\Microsoft VS Code\bin;C:\mingw64\bin;;C:\Users\evilh\AppData\Roaming\Programs\Zero Install
USERNAME=evilh
OS=Windows_NT
PROCESSOR_IDENTIFIER=Intel64 Family 6 Model 151 Stepping 2, GenuineIntel



---------------  S Y S T E M  ---------------

OS: Windows 10 , 64 bit Build 19041 (10.0.19041.4717)
OS uptime: 4 days 0:12 hours

CPU:total 24 (initial active 24) (12 cores per cpu, 2 threads per core) family 6 model 151 stepping 2 microcode 0x35, cmov, cx8, fxsr, mmx, sse, sse2, sse3, ssse3, sse4.1, sse4.2, popcnt, avx, avx2, aes, clmul, erms, 3dnowpref, lzcnt, ht, tsc, tscinvbit, bmi1, bmi2, adx, sha, fma

Memory: 4k page, system-wide physical 32525M (692M free)
TotalPageFile size 65293M (AvailPageFile size 12M)
current process WorkingSet (physical memory assigned to process): 10M, peak: 10M
current process commit charge ("private bytes"): 77M, peak: 78M

vm_info: OpenJDK 64-Bit Server VM (11.0.14.1+1) for windows-amd64 JRE (11.0.14.1+1), built on Feb  9 2022 01:48:27 by "" with unknown MS VC++:1916

END.
